<?xml version="1.0" encoding="UTF-8"?>
<!-- Generated by org.testng.reporters.JUnitXMLReporter -->
<testsuite ignored="0" hostname="LAPTOP-GO38GOBH" failures="0" tests="5" name="Test" time="49.827" errors="0" timestamp="2024-11-19T12:16:39 IST">
  <testcase classname="TestNgExecute.dominos" name="Swiggy" time="10.854"/>
  <testcase classname="TestNgExecute.swiggy" name="Swiggy" time="22.169"/>
  <testcase classname="TestNgExecute.kfc" name="zomatolaunch" time="5.103"/>
  <testcase classname="TestNgExecute.olafood" name="Swiggy" time="4.567"/>
  <testcase classname="TestNgExecute.Zomato" name="zomatolaunch" time="7.08"/>
</testsuite> <!-- Test -->
