<?xml version="1.0" encoding="UTF-8"?>
<!-- Generated by org.testng.reporters.JUnitXMLReporter -->
<testsuite ignored="0" hostname="LAPTOP-GO38GOBH" failures="0" tests="5" name="Test" time="24.987" errors="0" timestamp="2024-11-19T12:35:09 IST">
  <testcase classname="TestNgExecute.dominos" name="Swiggy" time="13.543"/>
  <testcase classname="TestNgExecute.swiggy" name="Swiggy" time="16.02"/>
  <testcase classname="TestNgExecute.Zomato" name="zomatolaunch" time="17.677"/>
  <testcase classname="TestNgExecute.kfc" name="zomatolaunch" time="24.865"/>
  <testcase classname="TestNgExecute.olafood" name="Swiggy" time="24.945"/>
</testsuite> <!-- Test -->
