<?xml version="1.0" encoding="UTF-8"?>
<!-- Generated by org.testng.reporters.JUnitXMLReporter -->
<testsuite ignored="0" hostname="LAPTOP-GO38GOBH" failures="0" tests="5" name="System" time="30.175" errors="0" timestamp="2024-11-19T12:46:08 IST">
  <testcase classname="TestNgExecute.dominos" name="Swiggy" time="15.386"/>
  <testcase classname="TestNgExecute.swiggy" name="Swiggy" time="3.727"/>
  <testcase classname="TestNgExecute.kfc" name="zomatolaunch" time="4.04"/>
  <testcase classname="TestNgExecute.olafood" name="Swiggy" time="3.479"/>
  <testcase classname="TestNgExecute.Zomato" name="zomatolaunch" time="3.491"/>
</testsuite> <!-- System -->
