<?xml version="1.0" encoding="UTF-8"?>
<!-- Generated by org.testng.reporters.JUnitXMLReporter -->
<testsuite ignored="4" hostname="LAPTOP-GO38GOBH" failures="0" tests="1" name="Test" time="5.487" errors="0" timestamp="2024-11-19T19:02:34 IST">
  <testcase classname="TestNgExecute.swiggy" name="Swiggy" time="5.464"/>
  <testcase classname="TestNgExecute.Zomato" name="zomatolaunch" time="0.0">
    <ignored/>
  </testcase> <!-- zomatolaunch -->
  <testcase classname="TestNgExecute.kfc" name="zomatolaunch" time="0.0">
    <ignored/>
  </testcase> <!-- zomatolaunch -->
  <testcase classname="TestNgExecute.dominos" name="Swiggy" time="0.0">
    <ignored/>
  </testcase> <!-- Swiggy -->
  <testcase classname="TestNgExecute.olafood" name="Swiggy" time="0.0">
    <ignored/>
  </testcase> <!-- Swiggy -->
</testsuite> <!-- Test -->
